# JRE version: Java(TM) SE Runtime Environment (8.0_201-b09) (build 1.8.0_201-b09)
# Java VM: Java HotSpot(TM) 64-Bit Server VM (25.201-b09 mixed mode linux-amd64 compressed oops)
Heap:
 PSYoungGen      total 44544K, used 21499K [0x00000000d7000000, 0x00000000d9f00000, 0x0000000100000000)
  eden space 40960K, 52% used [0x00000000d7000000,0x00000000d84cee68,0x00000000d9800000)
  from space 3584K, 5% used [0x00000000d9b80000,0x00000000d9bb0000,0x00000000d9f00000)
  to   space 3584K, 0% used [0x00000000d9800000,0x00000000d9800000,0x00000000d9b80000)
 ParOldGen       total 137216K, used 36536K [0x0000000085000000, 0x000000008d600000, 0x00000000d7000000)
  object space 137216K, 26% used [0x0000000085000000,0x00000000873ae2f0,0x000000008d600000)
 Metaspace       used 62847K, capacity 66100K, committed 66560K, reserved 1105920K
  class space    used 8820K, capacity 9383K, committed 9472K, reserved 1048576K
GC Heap History (10 events):
Event: 2755,505 GC heap before
{Heap before GC invocations=646 (full 4):
 PSYoungGen      total 41984K, used 38688K [0x00000000d7000000, 0x00000000d9e00000, 0x0000000100000000)
  eden space 37888K, 100% used [0x00000000d7000000,0x00000000d9500000,0x00000000d9500000)
  from space 4096K, 19% used [0x00000000d9500000,0x00000000d95c8000,0x00000000d9900000)
  to   space 4096K, 0% used [0x00000000d9a00000,0x00000000d9a00000,0x00000000d9e00000)
 ParOldGen       total 137216K, used 36528K [0x0000000085000000, 0x000000008d600000, 0x00000000d7000000)
  object space 137216K, 26% used [0x0000000085000000,0x00000000873ac2f0,0x000000008d600000)
 Metaspace       used 62847K, capacity 66100K, committed 66560K, reserved 1105920K
  class space    used 8820K, capacity 9383K, committed 9472K, reserved 1048576K
Event: 2755,510 GC heap after
Heap after GC invocations=646 (full 4):
 PSYoungGen      total 43008K, used 64K [0x00000000d7000000, 0x00000000d9e00000, 0x0000000100000000)
  eden space 38912K, 0% used [0x00000000d7000000,0x00000000d7000000,0x00000000d9600000)
  from space 4096K, 1% used [0x00000000d9a00000,0x00000000d9a10000,0x00000000d9e00000)
  to   space 4096K, 0% used [0x00000000d9600000,0x00000000d9600000,0x00000000d9a00000)
 ParOldGen       total 137216K, used 36528K [0x0000000085000000, 0x000000008d600000, 0x00000000d7000000)
  object space 137216K, 26% used [0x0000000085000000,0x00000000873ac2f0,0x000000008d600000)
 Metaspace       used 62847K, capacity 66100K, committed 66560K, reserved 1105920K
  class space    used 8820K, capacity 9383K, committed 9472K, reserved 1048576K
}
Event: 2756,717 GC heap before
{Heap before GC invocations=647 (full 4):
 PSYoungGen      total 43008K, used 38976K [0x00000000d7000000, 0x00000000d9e00000, 0x0000000100000000)
  eden space 38912K, 100% used [0x00000000d7000000,0x00000000d9600000,0x00000000d9600000)
  from space 4096K, 1% used [0x00000000d9a00000,0x00000000d9a10000,0x00000000d9e00000)
  to   space 4096K, 0% used [0x00000000d9600000,0x00000000d9600000,0x00000000d9a00000)
 ParOldGen       total 137216K, used 36528K [0x0000000085000000, 0x000000008d600000, 0x00000000d7000000)
  object space 137216K, 26% used [0x0000000085000000,0x00000000873ac2f0,0x000000008d600000)
 Metaspace       used 62847K, capacity 66100K, committed 66560K, reserved 1105920K
  class space    used 8820K, capacity 9383K, committed 9472K, reserved 1048576K
Event: 2756,720 GC heap after
Heap after GC invocations=647 (full 4):
 PSYoungGen      total 43008K, used 1568K [0x00000000d7000000, 0x00000000d9f00000, 0x0000000100000000)
  eden space 38912K, 0% used [0x00000000d7000000,0x00000000d7000000,0x00000000d9600000)
  from space 4096K, 38% used [0x00000000d9600000,0x00000000d9788010,0x00000000d9a00000)
  to   space 4096K, 0% used [0x00000000d9b00000,0x00000000d9b00000,0x00000000d9f00000)
 ParOldGen       total 137216K, used 36528K [0x0000000085000000, 0x000000008d600000, 0x00000000d7000000)
  object space 137216K, 26% used [0x0000000085000000,0x00000000873ac2f0,0x000000008d600000)
 Metaspace       used 62847K, capacity 66100K, committed 66560K, reserved 1105920K
  class space    used 8820K, capacity 9383K, committed 9472K, reserved 1048576K
}
Event: 2758,997 GC heap before
{Heap before GC invocations=648 (full 4):
 PSYoungGen      total 43008K, used 40480K [0x00000000d7000000, 0x00000000d9f00000, 0x0000000100000000)
  eden space 38912K, 100% used [0x00000000d7000000,0x00000000d9600000,0x00000000d9600000)
  from space 4096K, 38% used [0x00000000d9600000,0x00000000d9788010,0x00000000d9a00000)
  to   space 4096K, 0% used [0x00000000d9b00000,0x00000000d9b00000,0x00000000d9f00000)
 ParOldGen       total 137216K, used 36528K [0x0000000085000000, 0x000000008d600000, 0x00000000d7000000)
  object space 137216K, 26% used [0x0000000085000000,0x00000000873ac2f0,0x000000008d600000)
 Metaspace       used 62847K, capacity 66100K, committed 66560K, reserved 1105920K
  class space    used 8820K, capacity 9383K, committed 9472K, reserved 1048576K
Event: 2758,999 GC heap after
Heap after GC invocations=648 (full 4):
 PSYoungGen      total 43008K, used 1056K [0x00000000d7000000, 0x00000000d9e00000, 0x0000000100000000)
  eden space 39936K, 0% used [0x00000000d7000000,0x00000000d7000000,0x00000000d9700000)
  from space 3072K, 34% used [0x00000000d9b00000,0x00000000d9c08000,0x00000000d9e00000)
  to   space 3584K, 0% used [0x00000000d9700000,0x00000000d9700000,0x00000000d9a80000)
 ParOldGen       total 137216K, used 36536K [0x0000000085000000, 0x000000008d600000, 0x00000000d7000000)
  object space 137216K, 26% used [0x0000000085000000,0x00000000873ae2f0,0x000000008d600000)
 Metaspace       used 62847K, capacity 66100K, committed 66560K, reserved 1105920K
  class space    used 8820K, capacity 9383K, committed 9472K, reserved 1048576K
}
Event: 2761,200 GC heap before
{Heap before GC invocations=649 (full 4):
 PSYoungGen      total 43008K, used 40992K [0x00000000d7000000, 0x00000000d9e00000, 0x0000000100000000)
  eden space 39936K, 100% used [0x00000000d7000000,0x00000000d9700000,0x00000000d9700000)
  from space 3072K, 34% used [0x00000000d9b00000,0x00000000d9c08000,0x00000000d9e00000)
  to   space 3584K, 0% used [0x00000000d9700000,0x00000000d9700000,0x00000000d9a80000)
 ParOldGen       total 137216K, used 36536K [0x0000000085000000, 0x000000008d600000, 0x00000000d7000000)
  object space 137216K, 26% used [0x0000000085000000,0x00000000873ae2f0,0x000000008d600000)
 Metaspace       used 62847K, capacity 66100K, committed 66560K, reserved 1105920K
  class space    used 8820K, capacity 9383K, committed 9472K, reserved 1048576K
Event: 2761,202 GC heap after
Heap after GC invocations=649 (full 4):
 PSYoungGen      total 43520K, used 704K [0x00000000d7000000, 0x00000000d9f00000, 0x0000000100000000)
  eden space 39936K, 0% used [0x00000000d7000000,0x00000000d7000000,0x00000000d9700000)
  from space 3584K, 19% used [0x00000000d9700000,0x00000000d97b0000,0x00000000d9a80000)
  to   space 3584K, 0% used [0x00000000d9b80000,0x00000000d9b80000,0x00000000d9f00000)
 ParOldGen       total 137216K, used 36536K [0x0000000085000000, 0x000000008d600000, 0x00000000d7000000)
  object space 137216K, 26% used [0x0000000085000000,0x00000000873ae2f0,0x000000008d600000)
 Metaspace       used 62847K, capacity 66100K, committed 66560K, reserved 1105920K
  class space    used 8820K, capacity 9383K, committed 9472K, reserved 1048576K
}
Event: 2763,464 GC heap before
{Heap before GC invocations=650 (full 4):
 PSYoungGen      total 43520K, used 40640K [0x00000000d7000000, 0x00000000d9f00000, 0x0000000100000000)
  eden space 39936K, 100% used [0x00000000d7000000,0x00000000d9700000,0x00000000d9700000)
  from space 3584K, 19% used [0x00000000d9700000,0x00000000d97b0000,0x00000000d9a80000)
  to   space 3584K, 0% used [0x00000000d9b80000,0x00000000d9b80000,0x00000000d9f00000)
 ParOldGen       total 137216K, used 36536K [0x0000000085000000, 0x000000008d600000, 0x00000000d7000000)
  object space 137216K, 26% used [0x0000000085000000,0x00000000873ae2f0,0x000000008d600000)
 Metaspace       used 62847K, capacity 66100K, committed 66560K, reserved 1105920K
  class space    used 8820K, capacity 9383K, committed 9472K, reserved 1048576K
Event: 2763,467 GC heap after
Heap after GC invocations=650 (full 4):
 PSYoungGen      total 44544K, used 192K [0x00000000d7000000, 0x00000000d9f00000, 0x0000000100000000)
  eden space 40960K, 0% used [0x00000000d7000000,0x00000000d7000000,0x00000000d9800000)
  from space 3584K, 5% used [0x00000000d9b80000,0x00000000d9bb0000,0x00000000d9f00000)
  to   space 3584K, 0% used [0x00000000d9800000,0x00000000d9800000,0x00000000d9b80000)
 ParOldGen       total 137216K, used 36536K [0x0000000085000000, 0x000000008d600000, 0x00000000d7000000)
  object space 137216K, 26% used [0x0000000085000000,0x00000000873ae2f0,0x000000008d600000)
 Metaspace       used 62847K, capacity 66100K, committed 66560K, reserved 1105920K
  class space    used 8820K, capacity 9383K, committed 9472K, reserved 1048576K
}

